[2020-02-03 22:26:12] production.ERROR: Symfony\Component\Debug\Exception\FatalThrowableError: Class 'ZipArchive' not found in /home/arash/PhpstormProjects/shianchi/vendor/phpoffice/phpexcel/Classes/PHPExcel/Reader/Excel2007.php:94
Stack trace:
#0 /home/arash/PhpstormProjects/shianchi/vendor/phpoffice/phpexcel/Classes/PHPExcel/IOFactory.php(280): PHPExcel_Reader_Excel2007->canRead('/home/arash/Php...')
#1 /home/arash/PhpstormProjects/shianchi/vendor/phpoffice/phpexcel/Classes/PHPExcel/IOFactory.php(205): PHPExcel_IOFactory::createReaderForFile('/home/arash/Php...')
#2 /home/arash/PhpstormProjects/shianchi/app/Wego/Excel/AddProductFromExcel.php(196): PHPExcel_IOFactory::identify('/home/arash/Php...')
#3 /home/arash/PhpstormProjects/shianchi/app/Http/Controllers/ExcelController.php(66): Wego\Excel\AddProductFromExcel->load()
#4 [internal function]: App\Http\Controllers\ExcelController->importProductFromExcel(Object(Dingo\Api\Http\Request))
#5 /home/arash/PhpstormProjects/shianchi/vendor/laravel/framework/src/Illuminate/Routing/Controller.php(55): call_user_func_array(Array, Array)
#6 /home/arash/PhpstormProjects/shianchi/vendor/laravel/framework/src/Illuminate/Routing/ControllerDispatcher.php(44): Illuminate\Routing\Controller->callAction('importProductFr...', Array)
#7 /home/arash/PhpstormProjects/shianchi/vendor/laravel/framework/src/Illuminate/Routing/Route.php(189): Illuminate\Routing\ControllerDispatcher->dispatch(Object(Illuminate\Routing\Route), Object(App\Http\Controllers\ExcelController), 'importProductFr...')
#8 /home/arash/PhpstormProjects/shianchi/vendor/laravel/framework/src/Illuminate/Routing/Route.php(144): Illuminate\Routing\Route->runController()
#9 /home/arash/PhpstormProjects/shianchi/vendor/laravel/framework/src/Illuminate/Routing/Router.php(653): Illuminate\Routing\Route->run(Object(Dingo\Api\Http\Request))
#10 /home/arash/PhpstormProjects/shianchi/vendor/laravel/framework/src/Illuminate/Routing/Pipeline.php(53): Illuminate\Routing\Router->Illuminate\Routing\{closure}(Object(Dingo\Api\Http\Request))
#11 /home/arash/PhpstormProjects/shianchi/vendor/laravel/framework/src/Illuminate/Routing/Middleware/ThrottleRequests.php(49): Illuminate\Routing\Pipeline->Illuminate\Routing\{closure}(Object(Dingo\Api\Http\Request))
#12 /home/arash/PhpstormProjects/shianchi/vendor/laravel/framework/src/Illuminate/Pipeline/Pipeline.php(137): Illuminate\Routing\Middleware\ThrottleRequests->handle(Object(Dingo\Api\Http\Request), Object(Closure))
#13 /home/arash/PhpstormProjects/shianchi/vendor/laravel/framework/src/Illuminate/Routing/Pipeline.php(33): Illuminate\Pipeline\Pipeline->Illuminate\Pipeline\{closure}(Object(Dingo\Api\Http\Request))
#14 /home/arash/PhpstormProjects/shianchi/vendor/dingo/api/src/Http/Middleware/PrepareController.php(45): Illuminate\Routing\Pipeline->Illuminate\Routing\{closure}(Object(Dingo\Api\Http\Request))
#15 /home/arash/PhpstormProjects/shianchi/vendor/laravel/framework/src/Illuminate/Pipeline/Pipeline.php(137): Dingo\Api\Http\Middleware\PrepareController->handle(Object(Dingo\Api\Http\Request), Object(Closure))
#16 /home/arash/PhpstormProjects/shianchi/vendor/laravel/framework/src/Illuminate/Routing/Pipeline.php(33): Illuminate\Pipeline\Pipeline->Illuminate\Pipeline\{closure}(Object(Dingo\Api\Http\Request))
#17 /home/arash/PhpstormProjects/shianchi/vendor/laravel/framework/src/Illuminate/Pipeline/Pipeline.php(104): Illuminate\Routing\Pipeline->Illuminate\Routing\{closure}(Object(Dingo\Api\Http\Request))
#18 /home/arash/PhpstormProjects/shianchi/vendor/laravel/framework/src/Illuminate/Routing/Router.php(655): Illuminate\Pipeline\Pipeline->then(Object(Closure))
#19 /home/arash/PhpstormProjects/shianchi/vendor/laravel/framework/src/Illuminate/Routing/Router.php(629): Illuminate\Routing\Router->runRouteWithinStack(Object(Illuminate\Routing\Route), Object(Dingo\Api\Http\Request))
#20 /home/arash/PhpstormProjects/shianchi/vendor/laravel/framework/src/Illuminate/Routing/Router.php(607): Illuminate\Routing\Router->dispatchToRoute(Object(Dingo\Api\Http\Request))
#21 /home/arash/PhpstormProjects/shianchi/vendor/dingo/api/src/Routing/Adapter/Laravel.php(81): Illuminate\Routing\Router->dispatch(Object(Dingo\Api\Http\Request))
#22 /home/arash/PhpstormProjects/shianchi/vendor/dingo/api/src/Routing/Router.php(513): Dingo\Api\Routing\Adapter\Laravel->dispatch(Object(Dingo\Api\Http\Request), 'v1')
#23 /home/arash/PhpstormProjects/shianchi/vendor/dingo/api/src/Http/Middleware/Request.php(126): Dingo\Api\Routing\Router->dispatch(Object(Dingo\Api\Http\Request))
#24 /home/arash/PhpstormProjects/shianchi/vendor/laravel/framework/src/Illuminate/Pipeline/Pipeline.php(151): Dingo\Api\Http\Middleware\Request->Dingo\Api\Http\Middleware\{closure}(Object(Dingo\Api\Http\Request))
#25 /home/arash/PhpstormProjects/shianchi/vendor/laravel/framework/src/Illuminate/Foundation/Http/Middleware/CheckForMaintenanceMode.php(46): Illuminate\Pipeline\Pipeline->Illuminate\Pipeline\{closure}(Object(Dingo\Api\Http\Request))
#26 /home/arash/PhpstormProjects/shianchi/vendor/laravel/framework/src/Illuminate/Pipeline/Pipeline.php(137): Illuminate\Foundation\Http\Middleware\CheckForMaintenanceMode->handle(Object(Dingo\Api\Http\Request), Object(Closure))
#27 /home/arash/PhpstormProjects/shianchi/vendor/laravel/framework/src/Illuminate/Pipeline/Pipeline.php(104): Illuminate\Pipeline\Pipeline->Illuminate\Pipeline\{closure}(Object(Dingo\Api\Http\Request))
#28 /home/arash/PhpstormProjects/shianchi/vendor/dingo/api/src/Http/Middleware/Request.php(127): Illuminate\Pipeline\Pipeline->then(Object(Closure))
#29 /home/arash/PhpstormProjects/shianchi/vendor/dingo/api/src/Http/Middleware/Request.php(103): Dingo\Api\Http\Middleware\Request->sendRequestThroughRouter(Object(Dingo\Api\Http\Request))
#30 /home/arash/PhpstormProjects/shianchi/vendor/laravel/framework/src/Illuminate/Pipeline/Pipeline.php(137): Dingo\Api\Http\Middleware\Request->handle(Object(Dingo\Api\Http\Request), Object(Closure))
#31 /home/arash/PhpstormProjects/shianchi/vendor/laravel/framework/src/Illuminate/Routing/Pipeline.php(33): Illuminate\Pipeline\Pipeline->Illuminate\Pipeline\{closure}(Object(Illuminate\Http\Request))
#32 /home/arash/PhpstormProjects/shianchi/vendor/laravel/framework/src/Illuminate/Pipeline/Pipeline.php(104): Illuminate\Routing\Pipeline->Illuminate\Routing\{closure}(Object(Illuminate\Http\Request))
#33 /home/arash/PhpstormProjects/shianchi/vendor/laravel/framework/src/Illuminate/Foundation/Http/Kernel.php(150): Illuminate\Pipeline\Pipeline->then(Object(Closure))
#34 /home/arash/PhpstormProjects/shianchi/vendor/laravel/framework/src/Illuminate/Foundation/Http/Kernel.php(117): Illuminate\Foundation\Http\Kernel->sendRequestThroughRouter(Object(Illuminate\Http\Request))
#35 /home/arash/PhpstormProjects/shianchi/public/index.php(55): Illuminate\Foundation\Http\Kernel->handle(Object(Illuminate\Http\Request))
#36 /home/arash/PhpstormProjects/shianchi/server.php(21): require_once('/home/arash/Php...')
#37 {main}  
[2020-02-03 22:26:12] production.ERROR: Symfony\Component\Debug\Exception\FatalThrowableError: Class 'ZipArchive' not found in /home/arash/PhpstormProjects/shianchi/vendor/phpoffice/phpexcel/Classes/PHPExcel/Reader/Excel2007.php:94
Stack trace:
#0 /home/arash/PhpstormProjects/shianchi/vendor/phpoffice/phpexcel/Classes/PHPExcel/IOFactory.php(280): PHPExcel_Reader_Excel2007->canRead('/home/arash/Php...')
#1 /home/arash/PhpstormProjects/shianchi/vendor/phpoffice/phpexcel/Classes/PHPExcel/IOFactory.php(205): PHPExcel_IOFactory::createReaderForFile('/home/arash/Php...')
#2 /home/arash/PhpstormProjects/shianchi/app/Wego/Excel/AddProductFromExcel.php(196): PHPExcel_IOFactory::identify('/home/arash/Php...')
#3 /home/arash/PhpstormProjects/shianchi/app/Http/Controllers/ExcelController.php(66): Wego\Excel\AddProductFromExcel->load()
#4 [internal function]: App\Http\Controllers\ExcelController->importProductFromExcel(Object(Dingo\Api\Http\Request))
#5 /home/arash/PhpstormProjects/shianchi/vendor/laravel/framework/src/Illuminate/Routing/Controller.php(55): call_user_func_array(Array, Array)
#6 /home/arash/PhpstormProjects/shianchi/vendor/laravel/framework/src/Illuminate/Routing/ControllerDispatcher.php(44): Illuminate\Routing\Controller->callAction('importProductFr...', Array)
#7 /home/arash/PhpstormProjects/shianchi/vendor/laravel/framework/src/Illuminate/Routing/Route.php(189): Illuminate\Routing\ControllerDispatcher->dispatch(Object(Illuminate\Routing\Route), Object(App\Http\Controllers\ExcelController), 'importProductFr...')
#8 /home/arash/PhpstormProjects/shianchi/vendor/laravel/framework/src/Illuminate/Routing/Route.php(144): Illuminate\Routing\Route->runController()
#9 /home/arash/PhpstormProjects/shianchi/vendor/laravel/framework/src/Illuminate/Routing/Router.php(653): Illuminate\Routing\Route->run(Object(Dingo\Api\Http\Request))
#10 /home/arash/PhpstormProjects/shianchi/vendor/laravel/framework/src/Illuminate/Routing/Pipeline.php(53): Illuminate\Routing\Router->Illuminate\Routing\{closure}(Object(Dingo\Api\Http\Request))
#11 /home/arash/PhpstormProjects/shianchi/vendor/laravel/framework/src/Illuminate/Routing/Middleware/ThrottleRequests.php(49): Illuminate\Routing\Pipeline->Illuminate\Routing\{closure}(Object(Dingo\Api\Http\Request))
#12 /home/arash/PhpstormProjects/shianchi/vendor/laravel/framework/src/Illuminate/Pipeline/Pipeline.php(137): Illuminate\Routing\Middleware\ThrottleRequests->handle(Object(Dingo\Api\Http\Request), Object(Closure))
#13 /home/arash/PhpstormProjects/shianchi/vendor/laravel/framework/src/Illuminate/Routing/Pipeline.php(33): Illuminate\Pipeline\Pipeline->Illuminate\Pipeline\{closure}(Object(Dingo\Api\Http\Request))
#14 /home/arash/PhpstormProjects/shianchi/vendor/dingo/api/src/Http/Middleware/PrepareController.php(45): Illuminate\Routing\Pipeline->Illuminate\Routing\{closure}(Object(Dingo\Api\Http\Request))
#15 /home/arash/PhpstormProjects/shianchi/vendor/laravel/framework/src/Illuminate/Pipeline/Pipeline.php(137): Dingo\Api\Http\Middleware\PrepareController->handle(Object(Dingo\Api\Http\Request), Object(Closure))
#16 /home/arash/PhpstormProjects/shianchi/vendor/laravel/framework/src/Illuminate/Routing/Pipeline.php(33): Illuminate\Pipeline\Pipeline->Illuminate\Pipeline\{closure}(Object(Dingo\Api\Http\Request))
#17 /home/arash/PhpstormProjects/shianchi/vendor/laravel/framework/src/Illuminate/Pipeline/Pipeline.php(104): Illuminate\Routing\Pipeline->Illuminate\Routing\{closure}(Object(Dingo\Api\Http\Request))
#18 /home/arash/PhpstormProjects/shianchi/vendor/laravel/framework/src/Illuminate/Routing/Router.php(655): Illuminate\Pipeline\Pipeline->then(Object(Closure))
#19 /home/arash/PhpstormProjects/shianchi/vendor/laravel/framework/src/Illuminate/Routing/Router.php(629): Illuminate\Routing\Router->runRouteWithinStack(Object(Illuminate\Routing\Route), Object(Dingo\Api\Http\Request))
#20 /home/arash/PhpstormProjects/shianchi/vendor/laravel/framework/src/Illuminate/Routing/Router.php(607): Illuminate\Routing\Router->dispatchToRoute(Object(Dingo\Api\Http\Request))
#21 /home/arash/PhpstormProjects/shianchi/vendor/dingo/api/src/Routing/Adapter/Laravel.php(81): Illuminate\Routing\Router->dispatch(Object(Dingo\Api\Http\Request))
#22 /home/arash/PhpstormProjects/shianchi/vendor/dingo/api/src/Routing/Router.php(513): Dingo\Api\Routing\Adapter\Laravel->dispatch(Object(Dingo\Api\Http\Request), 'v1')
#23 /home/arash/PhpstormProjects/shianchi/vendor/dingo/api/src/Http/Middleware/Request.php(126): Dingo\Api\Routing\Router->dispatch(Object(Dingo\Api\Http\Request))
#24 /home/arash/PhpstormProjects/shianchi/vendor/laravel/framework/src/Illuminate/Pipeline/Pipeline.php(151): Dingo\Api\Http\Middleware\Request->Dingo\Api\Http\Middleware\{closure}(Object(Dingo\Api\Http\Request))
#25 /home/arash/PhpstormProjects/shianchi/vendor/laravel/framework/src/Illuminate/Foundation/Http/Middleware/CheckForMaintenanceMode.php(46): Illuminate\Pipeline\Pipeline->Illuminate\Pipeline\{closure}(Object(Dingo\Api\Http\Request))
#26 /home/arash/PhpstormProjects/shianchi/vendor/laravel/framework/src/Illuminate/Pipeline/Pipeline.php(137): Illuminate\Foundation\Http\Middleware\CheckForMaintenanceMode->handle(Object(Dingo\Api\Http\Request), Object(Closure))
#27 /home/arash/PhpstormProjects/shianchi/vendor/laravel/framework/src/Illuminate/Pipeline/Pipeline.php(104): Illuminate\Pipeline\Pipeline->Illuminate\Pipeline\{closure}(Object(Dingo\Api\Http\Request))
#28 /home/arash/PhpstormProjects/shianchi/vendor/dingo/api/src/Http/Middleware/Request.php(127): Illuminate\Pipeline\Pipeline->then(Object(Closure))
#29 /home/arash/PhpstormProjects/shianchi/vendor/dingo/api/src/Http/Middleware/Request.php(103): Dingo\Api\Http\Middleware\Request->sendRequestThroughRouter(Object(Dingo\Api\Http\Request))
#30 /home/arash/PhpstormProjects/shianchi/vendor/laravel/framework/src/Illuminate/Pipeline/Pipeline.php(137): Dingo\Api\Http\Middleware\Request->handle(Object(Dingo\Api\Http\Request), Object(Closure))
#31 /home/arash/PhpstormProjects/shianchi/vendor/laravel/framework/src/Illuminate/Routing/Pipeline.php(33): Illuminate\Pipeline\Pipeline->Illuminate\Pipeline\{closure}(Object(Illuminate\Http\Request))
#32 /home/arash/PhpstormProjects/shianchi/vendor/laravel/framework/src/Illuminate/Pipeline/Pipeline.php(104): Illuminate\Routing\Pipeline->Illuminate\Routing\{closure}(Object(Illuminate\Http\Request))
#33 /home/arash/PhpstormProjects/shianchi/vendor/laravel/framework/src/Illuminate/Foundation/Http/Kernel.php(150): Illuminate\Pipeline\Pipeline->then(Object(Closure))
#34 /home/arash/PhpstormProjects/shianchi/vendor/laravel/framework/src/Illuminate/Foundation/Http/Kernel.php(117): Illuminate\Foundation\Http\Kernel->sendRequestThroughRouter(Object(Illuminate\Http\Request))
#35 /home/arash/PhpstormProjects/shianchi/public/index.php(55): Illuminate\Foundation\Http\Kernel->handle(Object(Illuminate\Http\Request))
#36 /home/arash/PhpstormProjects/shianchi/server.php(21): require_once('/home/arash/Php...')
#37 {main}  
[2020-02-03 22:36:46] production.ERROR: Symfony\Component\Debug\Exception\FatalThrowableError: Class 'ZipArchive' not found in /home/arash/PhpstormProjects/shianchi/vendor/phpoffice/phpexcel/Classes/PHPExcel/Reader/Excel2007.php:94
Stack trace:
#0 /home/arash/PhpstormProjects/shianchi/vendor/phpoffice/phpexcel/Classes/PHPExcel/IOFactory.php(280): PHPExcel_Reader_Excel2007->canRead('/home/arash/Php...')
#1 /home/arash/PhpstormProjects/shianchi/vendor/phpoffice/phpexcel/Classes/PHPExcel/IOFactory.php(205): PHPExcel_IOFactory::createReaderForFile('/home/arash/Php...')
#2 /home/arash/PhpstormProjects/shianchi/app/Wego/Excel/AddProductFromExcel.php(196): PHPExcel_IOFactory::identify('/home/arash/Php...')
#3 /home/arash/PhpstormProjects/shianchi/app/Http/Controllers/ExcelController.php(66): Wego\Excel\AddProductFromExcel->load()
#4 [internal function]: App\Http\Controllers\ExcelController->importProductFromExcel(Object(Dingo\Api\Http\Request))
#5 /home/arash/PhpstormProjects/shianchi/vendor/laravel/framework/src/Illuminate/Routing/Controller.php(55): call_user_func_array(Array, Array)
#6 /home/arash/PhpstormProjects/shianchi/vendor/laravel/framework/src/Illuminate/Routing/ControllerDispatcher.php(44): Illuminate\Routing\Controller->callAction('importProductFr...', Array)
#7 /home/arash/PhpstormProjects/shianchi/vendor/laravel/framework/src/Illuminate/Routing/Route.php(189): Illuminate\Routing\ControllerDispatcher->dispatch(Object(Illuminate\Routing\Route), Object(App\Http\Controllers\ExcelController), 'importProductFr...')
#8 /home/arash/PhpstormProjects/shianchi/vendor/laravel/framework/src/Illuminate/Routing/Route.php(144): Illuminate\Routing\Route->runController()
#9 /home/arash/PhpstormProjects/shianchi/vendor/laravel/framework/src/Illuminate/Routing/Router.php(653): Illuminate\Routing\Route->run(Object(Dingo\Api\Http\Request))
#10 /home/arash/PhpstormProjects/shianchi/vendor/laravel/framework/src/Illuminate/Routing/Pipeline.php(53): Illuminate\Routing\Router->Illuminate\Routing\{closure}(Object(Dingo\Api\Http\Request))
#11 /home/arash/PhpstormProjects/shianchi/vendor/laravel/framework/src/Illuminate/Routing/Middleware/ThrottleRequests.php(49): Illuminate\Routing\Pipeline->Illuminate\Routing\{closure}(Object(Dingo\Api\Http\Request))
#12 /home/arash/PhpstormProjects/shianchi/vendor/laravel/framework/src/Illuminate/Pipeline/Pipeline.php(137): Illuminate\Routing\Middleware\ThrottleRequests->handle(Object(Dingo\Api\Http\Request), Object(Closure))
#13 /home/arash/PhpstormProjects/shianchi/vendor/laravel/framework/src/Illuminate/Routing/Pipeline.php(33): Illuminate\Pipeline\Pipeline->Illuminate\Pipeline\{closure}(Object(Dingo\Api\Http\Request))
#14 /home/arash/PhpstormProjects/shianchi/vendor/dingo/api/src/Http/Middleware/PrepareController.php(45): Illuminate\Routing\Pipeline->Illuminate\Routing\{closure}(Object(Dingo\Api\Http\Request))
#15 /home/arash/PhpstormProjects/shianchi/vendor/laravel/framework/src/Illuminate/Pipeline/Pipeline.php(137): Dingo\Api\Http\Middleware\PrepareController->handle(Object(Dingo\Api\Http\Request), Object(Closure))
#16 /home/arash/PhpstormProjects/shianchi/vendor/laravel/framework/src/Illuminate/Routing/Pipeline.php(33): Illuminate\Pipeline\Pipeline->Illuminate\Pipeline\{closure}(Object(Dingo\Api\Http\Request))
#17 /home/arash/PhpstormProjects/shianchi/vendor/laravel/framework/src/Illuminate/Pipeline/Pipeline.php(104): Illuminate\Routing\Pipeline->Illuminate\Routing\{closure}(Object(Dingo\Api\Http\Request))
#18 /home/arash/PhpstormProjects/shianchi/vendor/laravel/framework/src/Illuminate/Routing/Router.php(655): Illuminate\Pipeline\Pipeline->then(Object(Closure))
#19 /home/arash/PhpstormProjects/shianchi/vendor/laravel/framework/src/Illuminate/Routing/Router.php(629): Illuminate\Routing\Router->runRouteWithinStack(Object(Illuminate\Routing\Route), Object(Dingo\Api\Http\Request))
#20 /home/arash/PhpstormProjects/shianchi/vendor/laravel/framework/src/Illuminate/Routing/Router.php(607): Illuminate\Routing\Router->dispatchToRoute(Object(Dingo\Api\Http\Request))
#21 /home/arash/PhpstormProjects/shianchi/vendor/dingo/api/src/Routing/Adapter/Laravel.php(81): Illuminate\Routing\Router->dispatch(Object(Dingo\Api\Http\Request))
#22 /home/arash/PhpstormProjects/shianchi/vendor/dingo/api/src/Routing/Router.php(513): Dingo\Api\Routing\Adapter\Laravel->dispatch(Object(Dingo\Api\Http\Request), 'v1')
#23 /home/arash/PhpstormProjects/shianchi/vendor/dingo/api/src/Http/Middleware/Request.php(126): Dingo\Api\Routing\Router->dispatch(Object(Dingo\Api\Http\Request))
#24 /home/arash/PhpstormProjects/shianchi/vendor/laravel/framework/src/Illuminate/Pipeline/Pipeline.php(151): Dingo\Api\Http\Middleware\Request->Dingo\Api\Http\Middleware\{closure}(Object(Dingo\Api\Http\Request))
#25 /home/arash/PhpstormProjects/shianchi/vendor/laravel/framework/src/Illuminate/Foundation/Http/Middleware/CheckForMaintenanceMode.php(46): Illuminate\Pipeline\Pipeline->Illuminate\Pipeline\{closure}(Object(Dingo\Api\Http\Request))
#26 /home/arash/PhpstormProjects/shianchi/vendor/laravel/framework/src/Illuminate/Pipeline/Pipeline.php(137): Illuminate\Foundation\Http\Middleware\CheckForMaintenanceMode->handle(Object(Dingo\Api\Http\Request), Object(Closure))
#27 /home/arash/PhpstormProjects/shianchi/vendor/laravel/framework/src/Illuminate/Pipeline/Pipeline.php(104): Illuminate\Pipeline\Pipeline->Illuminate\Pipeline\{closure}(Object(Dingo\Api\Http\Request))
#28 /home/arash/PhpstormProjects/shianchi/vendor/dingo/api/src/Http/Middleware/Request.php(127): Illuminate\Pipeline\Pipeline->then(Object(Closure))
#29 /home/arash/PhpstormProjects/shianchi/vendor/dingo/api/src/Http/Middleware/Request.php(103): Dingo\Api\Http\Middleware\Request->sendRequestThroughRouter(Object(Dingo\Api\Http\Request))
#30 /home/arash/PhpstormProjects/shianchi/vendor/laravel/framework/src/Illuminate/Pipeline/Pipeline.php(137): Dingo\Api\Http\Middleware\Request->handle(Object(Dingo\Api\Http\Request), Object(Closure))
#31 /home/arash/PhpstormProjects/shianchi/vendor/laravel/framework/src/Illuminate/Routing/Pipeline.php(33): Illuminate\Pipeline\Pipeline->Illuminate\Pipeline\{closure}(Object(Illuminate\Http\Request))
#32 /home/arash/PhpstormProjects/shianchi/vendor/laravel/framework/src/Illuminate/Pipeline/Pipeline.php(104): Illuminate\Routing\Pipeline->Illuminate\Routing\{closure}(Object(Illuminate\Http\Request))
#33 /home/arash/PhpstormProjects/shianchi/vendor/laravel/framework/src/Illuminate/Foundation/Http/Kernel.php(150): Illuminate\Pipeline\Pipeline->then(Object(Closure))
#34 /home/arash/PhpstormProjects/shianchi/vendor/laravel/framework/src/Illuminate/Foundation/Http/Kernel.php(117): Illuminate\Foundation\Http\Kernel->sendRequestThroughRouter(Object(Illuminate\Http\Request))
#35 /home/arash/PhpstormProjects/shianchi/public/index.php(55): Illuminate\Foundation\Http\Kernel->handle(Object(Illuminate\Http\Request))
#36 /home/arash/PhpstormProjects/shianchi/server.php(21): require_once('/home/arash/Php...')
#37 {main}  
[2020-02-03 22:36:46] production.ERROR: Symfony\Component\Debug\Exception\FatalThrowableError: Class 'ZipArchive' not found in /home/arash/PhpstormProjects/shianchi/vendor/phpoffice/phpexcel/Classes/PHPExcel/Reader/Excel2007.php:94
Stack trace:
#0 /home/arash/PhpstormProjects/shianchi/vendor/phpoffice/phpexcel/Classes/PHPExcel/IOFactory.php(280): PHPExcel_Reader_Excel2007->canRead('/home/arash/Php...')
#1 /home/arash/PhpstormProjects/shianchi/vendor/phpoffice/phpexcel/Classes/PHPExcel/IOFactory.php(205): PHPExcel_IOFactory::createReaderForFile('/home/arash/Php...')
#2 /home/arash/PhpstormProjects/shianchi/app/Wego/Excel/AddProductFromExcel.php(196): PHPExcel_IOFactory::identify('/home/arash/Php...')
#3 /home/arash/PhpstormProjects/shianchi/app/Http/Controllers/ExcelController.php(66): Wego\Excel\AddProductFromExcel->load()
#4 [internal function]: App\Http\Controllers\ExcelController->importProductFromExcel(Object(Dingo\Api\Http\Request))
#5 /home/arash/PhpstormProjects/shianchi/vendor/laravel/framework/src/Illuminate/Routing/Controller.php(55): call_user_func_array(Array, Array)
#6 /home/arash/PhpstormProjects/shianchi/vendor/laravel/framework/src/Illuminate/Routing/ControllerDispatcher.php(44): Illuminate\Routing\Controller->callAction('importProductFr...', Array)
#7 /home/arash/PhpstormProjects/shianchi/vendor/laravel/framework/src/Illuminate/Routing/Route.php(189): Illuminate\Routing\ControllerDispatcher->dispatch(Object(Illuminate\Routing\Route), Object(App\Http\Controllers\ExcelController), 'importProductFr...')
#8 /home/arash/PhpstormProjects/shianchi/vendor/laravel/framework/src/Illuminate/Routing/Route.php(144): Illuminate\Routing\Route->runController()
#9 /home/arash/PhpstormProjects/shianchi/vendor/laravel/framework/src/Illuminate/Routing/Router.php(653): Illuminate\Routing\Route->run(Object(Dingo\Api\Http\Request))
#10 /home/arash/PhpstormProjects/shianchi/vendor/laravel/framework/src/Illuminate/Routing/Pipeline.php(53): Illuminate\Routing\Router->Illuminate\Routing\{closure}(Object(Dingo\Api\Http\Request))
#11 /home/arash/PhpstormProjects/shianchi/vendor/laravel/framework/src/Illuminate/Routing/Middleware/ThrottleRequests.php(49): Illuminate\Routing\Pipeline->Illuminate\Routing\{closure}(Object(Dingo\Api\Http\Request))
#12 /home/arash/PhpstormProjects/shianchi/vendor/laravel/framework/src/Illuminate/Pipeline/Pipeline.php(137): Illuminate\Routing\Middleware\ThrottleRequests->handle(Object(Dingo\Api\Http\Request), Object(Closure))
#13 /home/arash/PhpstormProjects/shianchi/vendor/laravel/framework/src/Illuminate/Routing/Pipeline.php(33): Illuminate\Pipeline\Pipeline->Illuminate\Pipeline\{closure}(Object(Dingo\Api\Http\Request))
#14 /home/arash/PhpstormProjects/shianchi/vendor/dingo/api/src/Http/Middleware/PrepareController.php(45): Illuminate\Routing\Pipeline->Illuminate\Routing\{closure}(Object(Dingo\Api\Http\Request))
#15 /home/arash/PhpstormProjects/shianchi/vendor/laravel/framework/src/Illuminate/Pipeline/Pipeline.php(137): Dingo\Api\Http\Middleware\PrepareController->handle(Object(Dingo\Api\Http\Request), Object(Closure))
#16 /home/arash/PhpstormProjects/shianchi/vendor/laravel/framework/src/Illuminate/Routing/Pipeline.php(33): Illuminate\Pipeline\Pipeline->Illuminate\Pipeline\{closure}(Object(Dingo\Api\Http\Request))
#17 /home/arash/PhpstormProjects/shianchi/vendor/laravel/framework/src/Illuminate/Pipeline/Pipeline.php(104): Illuminate\Routing\Pipeline->Illuminate\Routing\{closure}(Object(Dingo\Api\Http\Request))
#18 /home/arash/PhpstormProjects/shianchi/vendor/laravel/framework/src/Illuminate/Routing/Router.php(655): Illuminate\Pipeline\Pipeline->then(Object(Closure))
#19 /home/arash/PhpstormProjects/shianchi/vendor/laravel/framework/src/Illuminate/Routing/Router.php(629): Illuminate\Routing\Router->runRouteWithinStack(Object(Illuminate\Routing\Route), Object(Dingo\Api\Http\Request))
#20 /home/arash/PhpstormProjects/shianchi/vendor/laravel/framework/src/Illuminate/Routing/Router.php(607): Illuminate\Routing\Router->dispatchToRoute(Object(Dingo\Api\Http\Request))
#21 /home/arash/PhpstormProjects/shianchi/vendor/dingo/api/src/Routing/Adapter/Laravel.php(81): Illuminate\Routing\Router->dispatch(Object(Dingo\Api\Http\Request))
#22 /home/arash/PhpstormProjects/shianchi/vendor/dingo/api/src/Routing/Router.php(513): Dingo\Api\Routing\Adapter\Laravel->dispatch(Object(Dingo\Api\Http\Request), 'v1')
#23 /home/arash/PhpstormProjects/shianchi/vendor/dingo/api/src/Http/Middleware/Request.php(126): Dingo\Api\Routing\Router->dispatch(Object(Dingo\Api\Http\Request))
#24 /home/arash/PhpstormProjects/shianchi/vendor/laravel/framework/src/Illuminate/Pipeline/Pipeline.php(151): Dingo\Api\Http\Middleware\Request->Dingo\Api\Http\Middleware\{closure}(Object(Dingo\Api\Http\Request))
#25 /home/arash/PhpstormProjects/shianchi/vendor/laravel/framework/src/Illuminate/Foundation/Http/Middleware/CheckForMaintenanceMode.php(46): Illuminate\Pipeline\Pipeline->Illuminate\Pipeline\{closure}(Object(Dingo\Api\Http\Request))
#26 /home/arash/PhpstormProjects/shianchi/vendor/laravel/framework/src/Illuminate/Pipeline/Pipeline.php(137): Illuminate\Foundation\Http\Middleware\CheckForMaintenanceMode->handle(Object(Dingo\Api\Http\Request), Object(Closure))
#27 /home/arash/PhpstormProjects/shianchi/vendor/laravel/framework/src/Illuminate/Pipeline/Pipeline.php(104): Illuminate\Pipeline\Pipeline->Illuminate\Pipeline\{closure}(Object(Dingo\Api\Http\Request))
#28 /home/arash/PhpstormProjects/shianchi/vendor/dingo/api/src/Http/Middleware/Request.php(127): Illuminate\Pipeline\Pipeline->then(Object(Closure))
#29 /home/arash/PhpstormProjects/shianchi/vendor/dingo/api/src/Http/Middleware/Request.php(103): Dingo\Api\Http\Middleware\Request->sendRequestThroughRouter(Object(Dingo\Api\Http\Request))
#30 /home/arash/PhpstormProjects/shianchi/vendor/laravel/framework/src/Illuminate/Pipeline/Pipeline.php(137): Dingo\Api\Http\Middleware\Request->handle(Object(Dingo\Api\Http\Request), Object(Closure))
#31 /home/arash/PhpstormProjects/shianchi/vendor/laravel/framework/src/Illuminate/Routing/Pipeline.php(33): Illuminate\Pipeline\Pipeline->Illuminate\Pipeline\{closure}(Object(Illuminate\Http\Request))
#32 /home/arash/PhpstormProjects/shianchi/vendor/laravel/framework/src/Illuminate/Pipeline/Pipeline.php(104): Illuminate\Routing\Pipeline->Illuminate\Routing\{closure}(Object(Illuminate\Http\Request))
#33 /home/arash/PhpstormProjects/shianchi/vendor/laravel/framework/src/Illuminate/Foundation/Http/Kernel.php(150): Illuminate\Pipeline\Pipeline->then(Object(Closure))
#34 /home/arash/PhpstormProjects/shianchi/vendor/laravel/framework/src/Illuminate/Foundation/Http/Kernel.php(117): Illuminate\Foundation\Http\Kernel->sendRequestThroughRouter(Object(Illuminate\Http\Request))
#35 /home/arash/PhpstormProjects/shianchi/public/index.php(55): Illuminate\Foundation\Http\Kernel->handle(Object(Illuminate\Http\Request))
#36 /home/arash/PhpstormProjects/shianchi/server.php(21): require_once('/home/arash/Php...')
#37 {main}  
