[2020-01-28 14:37:36] production.ERROR: Symfony\Component\Debug\Exception\FatalErrorException: Allowed memory size of 134217728 bytes exhausted (tried to allocate 20480 bytes) in D:\Laravel_Projects\shianchi\vendor\laravel\framework\src\Illuminate\Database\Eloquent\Model.php:473
Stack trace:
#0 {main}  
[2020-01-28 14:41:18] production.ERROR: ErrorException: count(): Parameter must be an array or an object that implements Countable in D:\Laravel_Projects\shianchi\vendor\laravel\framework\src\Illuminate\Database\Eloquent\Builder.php:1231
Stack trace:
#0 [internal function]: Illuminate\Foundation\Bootstrap\HandleExceptions->handleError(2, 'count(): Parame...', 'D:\\Laravel_Proj...', 1231, Array)
#1 D:\Laravel_Projects\shianchi\vendor\laravel\framework\src\Illuminate\Database\Eloquent\Builder.php(1231): count(NULL)
#2 D:\Laravel_Projects\shianchi\vendor\laravel\framework\src\Illuminate\Database\Eloquent\Builder.php(1262): Illuminate\Database\Eloquent\Builder->callScope(Object(Closure))
#3 D:\Laravel_Projects\shianchi\vendor\laravel\framework\src\Illuminate\Database\Eloquent\Builder.php(325): Illuminate\Database\Eloquent\Builder->applyScopes()
#4 D:\Laravel_Projects\shianchi\app\Wego\Services\SiteMap\SiteMapCreator.php(145): Illuminate\Database\Eloquent\Builder->get()
#5 D:\Laravel_Projects\shianchi\app\Wego\Services\SiteMap\SiteMapCreator.php(27): Wego\Services\SiteMap\SiteMapCreator::createCategorySiteMap(Object(Roumen\Sitemap\Sitemap))
#6 D:\Laravel_Projects\shianchi\app\Http\Controllers\GettingSiteMap.php(11): Wego\Services\SiteMap\SiteMapCreator::build()
#7 [internal function]: App\Http\Controllers\GettingSiteMap->saveSiteMaps()
#8 D:\Laravel_Projects\shianchi\vendor\laravel\framework\src\Illuminate\Routing\Controller.php(55): call_user_func_array(Array, Array)
#9 D:\Laravel_Projects\shianchi\vendor\laravel\framework\src\Illuminate\Routing\ControllerDispatcher.php(44): Illuminate\Routing\Controller->callAction('saveSiteMaps', Array)
#10 D:\Laravel_Projects\shianchi\vendor\laravel\framework\src\Illuminate\Routing\Route.php(189): Illuminate\Routing\ControllerDispatcher->dispatch(Object(Illuminate\Routing\Route), Object(App\Http\Controllers\GettingSiteMap), 'saveSiteMaps')
#11 D:\Laravel_Projects\shianchi\vendor\laravel\framework\src\Illuminate\Routing\Route.php(144): Illuminate\Routing\Route->runController()
#12 D:\Laravel_Projects\shianchi\vendor\laravel\framework\src\Illuminate\Routing\Router.php(653): Illuminate\Routing\Route->run(Object(Dingo\Api\Http\Request))
#13 D:\Laravel_Projects\shianchi\vendor\laravel\framework\src\Illuminate\Routing\Pipeline.php(53): Illuminate\Routing\Router->Illuminate\Routing\{closure}(Object(Dingo\Api\Http\Request))
#14 D:\Laravel_Projects\shianchi\vendor\laravel\framework\src\Illuminate\Pipeline\Pipeline.php(104): Illuminate\Routing\Pipeline->Illuminate\Routing\{closure}(Object(Dingo\Api\Http\Request))
#15 D:\Laravel_Projects\shianchi\vendor\laravel\framework\src\Illuminate\Routing\Router.php(655): Illuminate\Pipeline\Pipeline->then(Object(Closure))
#16 D:\Laravel_Projects\shianchi\vendor\laravel\framework\src\Illuminate\Routing\Router.php(629): Illuminate\Routing\Router->runRouteWithinStack(Object(Illuminate\Routing\Route), Object(Dingo\Api\Http\Request))
#17 D:\Laravel_Projects\shianchi\vendor\laravel\framework\src\Illuminate\Routing\Router.php(607): Illuminate\Routing\Router->dispatchToRoute(Object(Dingo\Api\Http\Request))
#18 D:\Laravel_Projects\shianchi\vendor\dingo\api\src\Routing\Adapter\Laravel.php(81): Illuminate\Routing\Router->dispatch(Object(Dingo\Api\Http\Request))
#19 D:\Laravel_Projects\shianchi\vendor\dingo\api\src\Routing\Router.php(513): Dingo\Api\Routing\Adapter\Laravel->dispatch(Object(Dingo\Api\Http\Request), 'v1')
#20 D:\Laravel_Projects\shianchi\vendor\dingo\api\src\Http\Middleware\Request.php(126): Dingo\Api\Routing\Router->dispatch(Object(Dingo\Api\Http\Request))
#21 D:\Laravel_Projects\shianchi\vendor\laravel\framework\src\Illuminate\Pipeline\Pipeline.php(151): Dingo\Api\Http\Middleware\Request->Dingo\Api\Http\Middleware\{closure}(Object(Dingo\Api\Http\Request))
#22 D:\Laravel_Projects\shianchi\vendor\laravel\framework\src\Illuminate\Foundation\Http\Middleware\CheckForMaintenanceMode.php(46): Illuminate\Pipeline\Pipeline->Illuminate\Pipeline\{closure}(Object(Dingo\Api\Http\Request))
#23 D:\Laravel_Projects\shianchi\vendor\laravel\framework\src\Illuminate\Pipeline\Pipeline.php(137): Illuminate\Foundation\Http\Middleware\CheckForMaintenanceMode->handle(Object(Dingo\Api\Http\Request), Object(Closure))
#24 D:\Laravel_Projects\shianchi\vendor\laravel\framework\src\Illuminate\Pipeline\Pipeline.php(104): Illuminate\Pipeline\Pipeline->Illuminate\Pipeline\{closure}(Object(Dingo\Api\Http\Request))
#25 D:\Laravel_Projects\shianchi\vendor\dingo\api\src\Http\Middleware\Request.php(127): Illuminate\Pipeline\Pipeline->then(Object(Closure))
#26 D:\Laravel_Projects\shianchi\vendor\dingo\api\src\Http\Middleware\Request.php(103): Dingo\Api\Http\Middleware\Request->sendRequestThroughRouter(Object(Dingo\Api\Http\Request))
#27 D:\Laravel_Projects\shianchi\vendor\laravel\framework\src\Illuminate\Pipeline\Pipeline.php(137): Dingo\Api\Http\Middleware\Request->handle(Object(Dingo\Api\Http\Request), Object(Closure))
#28 D:\Laravel_Projects\shianchi\vendor\laravel\framework\src\Illuminate\Routing\Pipeline.php(33): Illuminate\Pipeline\Pipeline->Illuminate\Pipeline\{closure}(Object(Illuminate\Http\Request))
#29 D:\Laravel_Projects\shianchi\vendor\laravel\framework\src\Illuminate\Pipeline\Pipeline.php(104): Illuminate\Routing\Pipeline->Illuminate\Routing\{closure}(Object(Illuminate\Http\Request))
#30 D:\Laravel_Projects\shianchi\vendor\laravel\framework\src\Illuminate\Foundation\Http\Kernel.php(150): Illuminate\Pipeline\Pipeline->then(Object(Closure))
#31 D:\Laravel_Projects\shianchi\vendor\laravel\framework\src\Illuminate\Foundation\Http\Kernel.php(117): Illuminate\Foundation\Http\Kernel->sendRequestThroughRouter(Object(Illuminate\Http\Request))
#32 D:\Laravel_Projects\shianchi\public\index.php(55): Illuminate\Foundation\Http\Kernel->handle(Object(Illuminate\Http\Request))
#33 D:\Laravel_Projects\shianchi\server.php(21): require_once('D:\\Laravel_Proj...')
#34 {main}  
[2020-01-28 14:41:18] production.ERROR: ErrorException: count(): Parameter must be an array or an object that implements Countable in D:\Laravel_Projects\shianchi\vendor\laravel\framework\src\Illuminate\Database\Eloquent\Builder.php:1231
Stack trace:
#0 [internal function]: Illuminate\Foundation\Bootstrap\HandleExceptions->handleError(2, 'count(): Parame...', 'D:\\Laravel_Proj...', 1231, Array)
#1 D:\Laravel_Projects\shianchi\vendor\laravel\framework\src\Illuminate\Database\Eloquent\Builder.php(1231): count(NULL)
#2 D:\Laravel_Projects\shianchi\vendor\laravel\framework\src\Illuminate\Database\Eloquent\Builder.php(1262): Illuminate\Database\Eloquent\Builder->callScope(Object(Closure))
#3 D:\Laravel_Projects\shianchi\vendor\laravel\framework\src\Illuminate\Database\Eloquent\Builder.php(325): Illuminate\Database\Eloquent\Builder->applyScopes()
#4 D:\Laravel_Projects\shianchi\app\Wego\Services\SiteMap\SiteMapCreator.php(145): Illuminate\Database\Eloquent\Builder->get()
#5 D:\Laravel_Projects\shianchi\app\Wego\Services\SiteMap\SiteMapCreator.php(27): Wego\Services\SiteMap\SiteMapCreator::createCategorySiteMap(Object(Roumen\Sitemap\Sitemap))
#6 D:\Laravel_Projects\shianchi\app\Http\Controllers\GettingSiteMap.php(11): Wego\Services\SiteMap\SiteMapCreator::build()
#7 [internal function]: App\Http\Controllers\GettingSiteMap->saveSiteMaps()
#8 D:\Laravel_Projects\shianchi\vendor\laravel\framework\src\Illuminate\Routing\Controller.php(55): call_user_func_array(Array, Array)
#9 D:\Laravel_Projects\shianchi\vendor\laravel\framework\src\Illuminate\Routing\ControllerDispatcher.php(44): Illuminate\Routing\Controller->callAction('saveSiteMaps', Array)
#10 D:\Laravel_Projects\shianchi\vendor\laravel\framework\src\Illuminate\Routing\Route.php(189): Illuminate\Routing\ControllerDispatcher->dispatch(Object(Illuminate\Routing\Route), Object(App\Http\Controllers\GettingSiteMap), 'saveSiteMaps')
#11 D:\Laravel_Projects\shianchi\vendor\laravel\framework\src\Illuminate\Routing\Route.php(144): Illuminate\Routing\Route->runController()
#12 D:\Laravel_Projects\shianchi\vendor\laravel\framework\src\Illuminate\Routing\Router.php(653): Illuminate\Routing\Route->run(Object(Dingo\Api\Http\Request))
#13 D:\Laravel_Projects\shianchi\vendor\laravel\framework\src\Illuminate\Routing\Pipeline.php(53): Illuminate\Routing\Router->Illuminate\Routing\{closure}(Object(Dingo\Api\Http\Request))
#14 D:\Laravel_Projects\shianchi\vendor\laravel\framework\src\Illuminate\Pipeline\Pipeline.php(104): Illuminate\Routing\Pipeline->Illuminate\Routing\{closure}(Object(Dingo\Api\Http\Request))
#15 D:\Laravel_Projects\shianchi\vendor\laravel\framework\src\Illuminate\Routing\Router.php(655): Illuminate\Pipeline\Pipeline->then(Object(Closure))
#16 D:\Laravel_Projects\shianchi\vendor\laravel\framework\src\Illuminate\Routing\Router.php(629): Illuminate\Routing\Router->runRouteWithinStack(Object(Illuminate\Routing\Route), Object(Dingo\Api\Http\Request))
#17 D:\Laravel_Projects\shianchi\vendor\laravel\framework\src\Illuminate\Routing\Router.php(607): Illuminate\Routing\Router->dispatchToRoute(Object(Dingo\Api\Http\Request))
#18 D:\Laravel_Projects\shianchi\vendor\dingo\api\src\Routing\Adapter\Laravel.php(81): Illuminate\Routing\Router->dispatch(Object(Dingo\Api\Http\Request))
#19 D:\Laravel_Projects\shianchi\vendor\dingo\api\src\Routing\Router.php(513): Dingo\Api\Routing\Adapter\Laravel->dispatch(Object(Dingo\Api\Http\Request), 'v1')
#20 D:\Laravel_Projects\shianchi\vendor\dingo\api\src\Http\Middleware\Request.php(126): Dingo\Api\Routing\Router->dispatch(Object(Dingo\Api\Http\Request))
#21 D:\Laravel_Projects\shianchi\vendor\laravel\framework\src\Illuminate\Pipeline\Pipeline.php(151): Dingo\Api\Http\Middleware\Request->Dingo\Api\Http\Middleware\{closure}(Object(Dingo\Api\Http\Request))
#22 D:\Laravel_Projects\shianchi\vendor\laravel\framework\src\Illuminate\Foundation\Http\Middleware\CheckForMaintenanceMode.php(46): Illuminate\Pipeline\Pipeline->Illuminate\Pipeline\{closure}(Object(Dingo\Api\Http\Request))
#23 D:\Laravel_Projects\shianchi\vendor\laravel\framework\src\Illuminate\Pipeline\Pipeline.php(137): Illuminate\Foundation\Http\Middleware\CheckForMaintenanceMode->handle(Object(Dingo\Api\Http\Request), Object(Closure))
#24 D:\Laravel_Projects\shianchi\vendor\laravel\framework\src\Illuminate\Pipeline\Pipeline.php(104): Illuminate\Pipeline\Pipeline->Illuminate\Pipeline\{closure}(Object(Dingo\Api\Http\Request))
#25 D:\Laravel_Projects\shianchi\vendor\dingo\api\src\Http\Middleware\Request.php(127): Illuminate\Pipeline\Pipeline->then(Object(Closure))
#26 D:\Laravel_Projects\shianchi\vendor\dingo\api\src\Http\Middleware\Request.php(103): Dingo\Api\Http\Middleware\Request->sendRequestThroughRouter(Object(Dingo\Api\Http\Request))
#27 D:\Laravel_Projects\shianchi\vendor\laravel\framework\src\Illuminate\Pipeline\Pipeline.php(137): Dingo\Api\Http\Middleware\Request->handle(Object(Dingo\Api\Http\Request), Object(Closure))
#28 D:\Laravel_Projects\shianchi\vendor\laravel\framework\src\Illuminate\Routing\Pipeline.php(33): Illuminate\Pipeline\Pipeline->Illuminate\Pipeline\{closure}(Object(Illuminate\Http\Request))
#29 D:\Laravel_Projects\shianchi\vendor\laravel\framework\src\Illuminate\Pipeline\Pipeline.php(104): Illuminate\Routing\Pipeline->Illuminate\Routing\{closure}(Object(Illuminate\Http\Request))
#30 D:\Laravel_Projects\shianchi\vendor\laravel\framework\src\Illuminate\Foundation\Http\Kernel.php(150): Illuminate\Pipeline\Pipeline->then(Object(Closure))
#31 D:\Laravel_Projects\shianchi\vendor\laravel\framework\src\Illuminate\Foundation\Http\Kernel.php(117): Illuminate\Foundation\Http\Kernel->sendRequestThroughRouter(Object(Illuminate\Http\Request))
#32 D:\Laravel_Projects\shianchi\public\index.php(55): Illuminate\Foundation\Http\Kernel->handle(Object(Illuminate\Http\Request))
#33 D:\Laravel_Projects\shianchi\server.php(21): require_once('D:\\Laravel_Proj...')
#34 {main}  
[2020-01-28 14:56:22] production.ERROR: Symfony\Component\Debug\Exception\FatalErrorException: Allowed memory size of 134217728 bytes exhausted (tried to allocate 20480 bytes) in D:\Laravel_Projects\shianchi\vendor\laravel\framework\src\Illuminate\Database\Eloquent\Model.php:491
Stack trace:
#0 {main}  
[2020-01-28 14:58:57] production.ERROR: Symfony\Component\Debug\Exception\FatalErrorException: Allowed memory size of 134217728 bytes exhausted (tried to allocate 20480 bytes) in D:\Laravel_Projects\shianchi\vendor\laravel\framework\src\Illuminate\Database\Eloquent\Model.php:491
Stack trace:
#0 {main}  
[2020-01-28 15:01:19] production.ERROR: Symfony\Component\Debug\Exception\FatalErrorException: Allowed memory size of 134217728 bytes exhausted (tried to allocate 20480 bytes) in D:\Laravel_Projects\shianchi\vendor\roumen\sitemap\src\Roumen\Sitemap\Sitemap.php:216
Stack trace:
#0 {main}  
[2020-01-28 15:07:58] production.ERROR: Symfony\Component\Debug\Exception\FatalErrorException: Allowed memory size of 134217728 bytes exhausted (tried to allocate 20480 bytes) in D:\Laravel_Projects\shianchi\vendor\laravel\framework\src\Illuminate\Database\Eloquent\Model.php:491
Stack trace:
#0 {main}  
[2020-01-28 15:14:56] production.ERROR: Symfony\Component\Debug\Exception\FatalErrorException: Allowed memory size of 134217728 bytes exhausted (tried to allocate 20480 bytes) in D:\Laravel_Projects\shianchi\vendor\laravel\framework\src\Illuminate\Database\Eloquent\Model.php:491
Stack trace:
#0 {main}  
[2020-01-28 15:16:36] production.ERROR: ReflectionException: Class sitemapTwo does not exist in D:\Laravel_Projects\shianchi\vendor\laravel\framework\src\Illuminate\Container\Container.php:749
Stack trace:
#0 D:\Laravel_Projects\shianchi\vendor\laravel\framework\src\Illuminate\Container\Container.php(749): ReflectionClass->__construct('sitemapTwo')
#1 D:\Laravel_Projects\shianchi\vendor\laravel\framework\src\Illuminate\Container\Container.php(644): Illuminate\Container\Container->build('sitemapTwo', Array)
#2 D:\Laravel_Projects\shianchi\vendor\laravel\framework\src\Illuminate\Foundation\Application.php(709): Illuminate\Container\Container->make('sitemapTwo', Array)
#3 D:\Laravel_Projects\shianchi\vendor\laravel\framework\src\Illuminate\Support\Facades\Facade.php(237): Illuminate\Foundation\Application->make('sitemapTwo')
#4 D:\Laravel_Projects\shianchi\app\Wego\Services\SiteMap\SiteMapCreator.php(23): Illuminate\Support\Facades\Facade::__callStatic('make', Array)
#5 D:\Laravel_Projects\shianchi\app\Http\Controllers\GettingSiteMap.php(11): Wego\Services\SiteMap\SiteMapCreator::build()
#6 [internal function]: App\Http\Controllers\GettingSiteMap->saveSiteMaps()
#7 D:\Laravel_Projects\shianchi\vendor\laravel\framework\src\Illuminate\Routing\Controller.php(55): call_user_func_array(Array, Array)
#8 D:\Laravel_Projects\shianchi\vendor\laravel\framework\src\Illuminate\Routing\ControllerDispatcher.php(44): Illuminate\Routing\Controller->callAction('saveSiteMaps', Array)
#9 D:\Laravel_Projects\shianchi\vendor\laravel\framework\src\Illuminate\Routing\Route.php(189): Illuminate\Routing\ControllerDispatcher->dispatch(Object(Illuminate\Routing\Route), Object(App\Http\Controllers\GettingSiteMap), 'saveSiteMaps')
#10 D:\Laravel_Projects\shianchi\vendor\laravel\framework\src\Illuminate\Routing\Route.php(144): Illuminate\Routing\Route->runController()
#11 D:\Laravel_Projects\shianchi\vendor\laravel\framework\src\Illuminate\Routing\Router.php(653): Illuminate\Routing\Route->run(Object(Dingo\Api\Http\Request))
#12 D:\Laravel_Projects\shianchi\vendor\laravel\framework\src\Illuminate\Routing\Pipeline.php(53): Illuminate\Routing\Router->Illuminate\Routing\{closure}(Object(Dingo\Api\Http\Request))
#13 D:\Laravel_Projects\shianchi\vendor\laravel\framework\src\Illuminate\Pipeline\Pipeline.php(104): Illuminate\Routing\Pipeline->Illuminate\Routing\{closure}(Object(Dingo\Api\Http\Request))
#14 D:\Laravel_Projects\shianchi\vendor\laravel\framework\src\Illuminate\Routing\Router.php(655): Illuminate\Pipeline\Pipeline->then(Object(Closure))
#15 D:\Laravel_Projects\shianchi\vendor\laravel\framework\src\Illuminate\Routing\Router.php(629): Illuminate\Routing\Router->runRouteWithinStack(Object(Illuminate\Routing\Route), Object(Dingo\Api\Http\Request))
#16 D:\Laravel_Projects\shianchi\vendor\laravel\framework\src\Illuminate\Routing\Router.php(607): Illuminate\Routing\Router->dispatchToRoute(Object(Dingo\Api\Http\Request))
#17 D:\Laravel_Projects\shianchi\vendor\dingo\api\src\Routing\Adapter\Laravel.php(81): Illuminate\Routing\Router->dispatch(Object(Dingo\Api\Http\Request))
#18 D:\Laravel_Projects\shianchi\vendor\dingo\api\src\Routing\Router.php(513): Dingo\Api\Routing\Adapter\Laravel->dispatch(Object(Dingo\Api\Http\Request), 'v1')
#19 D:\Laravel_Projects\shianchi\vendor\dingo\api\src\Http\Middleware\Request.php(126): Dingo\Api\Routing\Router->dispatch(Object(Dingo\Api\Http\Request))
#20 D:\Laravel_Projects\shianchi\vendor\laravel\framework\src\Illuminate\Pipeline\Pipeline.php(151): Dingo\Api\Http\Middleware\Request->Dingo\Api\Http\Middleware\{closure}(Object(Dingo\Api\Http\Request))
#21 D:\Laravel_Projects\shianchi\vendor\laravel\framework\src\Illuminate\Foundation\Http\Middleware\CheckForMaintenanceMode.php(46): Illuminate\Pipeline\Pipeline->Illuminate\Pipeline\{closure}(Object(Dingo\Api\Http\Request))
#22 D:\Laravel_Projects\shianchi\vendor\laravel\framework\src\Illuminate\Pipeline\Pipeline.php(137): Illuminate\Foundation\Http\Middleware\CheckForMaintenanceMode->handle(Object(Dingo\Api\Http\Request), Object(Closure))
#23 D:\Laravel_Projects\shianchi\vendor\laravel\framework\src\Illuminate\Pipeline\Pipeline.php(104): Illuminate\Pipeline\Pipeline->Illuminate\Pipeline\{closure}(Object(Dingo\Api\Http\Request))
#24 D:\Laravel_Projects\shianchi\vendor\dingo\api\src\Http\Middleware\Request.php(127): Illuminate\Pipeline\Pipeline->then(Object(Closure))
#25 D:\Laravel_Projects\shianchi\vendor\dingo\api\src\Http\Middleware\Request.php(103): Dingo\Api\Http\Middleware\Request->sendRequestThroughRouter(Object(Dingo\Api\Http\Request))
#26 D:\Laravel_Projects\shianchi\vendor\laravel\framework\src\Illuminate\Pipeline\Pipeline.php(137): Dingo\Api\Http\Middleware\Request->handle(Object(Dingo\Api\Http\Request), Object(Closure))
#27 D:\Laravel_Projects\shianchi\vendor\laravel\framework\src\Illuminate\Routing\Pipeline.php(33): Illuminate\Pipeline\Pipeline->Illuminate\Pipeline\{closure}(Object(Illuminate\Http\Request))
#28 D:\Laravel_Projects\shianchi\vendor\laravel\framework\src\Illuminate\Pipeline\Pipeline.php(104): Illuminate\Routing\Pipeline->Illuminate\Routing\{closure}(Object(Illuminate\Http\Request))
#29 D:\Laravel_Projects\shianchi\vendor\laravel\framework\src\Illuminate\Foundation\Http\Kernel.php(150): Illuminate\Pipeline\Pipeline->then(Object(Closure))
#30 D:\Laravel_Projects\shianchi\vendor\laravel\framework\src\Illuminate\Foundation\Http\Kernel.php(117): Illuminate\Foundation\Http\Kernel->sendRequestThroughRouter(Object(Illuminate\Http\Request))
#31 D:\Laravel_Projects\shianchi\public\index.php(55): Illuminate\Foundation\Http\Kernel->handle(Object(Illuminate\Http\Request))
#32 D:\Laravel_Projects\shianchi\server.php(21): require_once('D:\\Laravel_Proj...')
#33 {main}  
[2020-01-28 15:16:36] production.ERROR: ReflectionException: Class sitemapTwo does not exist in D:\Laravel_Projects\shianchi\vendor\laravel\framework\src\Illuminate\Container\Container.php:749
Stack trace:
#0 D:\Laravel_Projects\shianchi\vendor\laravel\framework\src\Illuminate\Container\Container.php(749): ReflectionClass->__construct('sitemapTwo')
#1 D:\Laravel_Projects\shianchi\vendor\laravel\framework\src\Illuminate\Container\Container.php(644): Illuminate\Container\Container->build('sitemapTwo', Array)
#2 D:\Laravel_Projects\shianchi\vendor\laravel\framework\src\Illuminate\Foundation\Application.php(709): Illuminate\Container\Container->make('sitemapTwo', Array)
#3 D:\Laravel_Projects\shianchi\vendor\laravel\framework\src\Illuminate\Support\Facades\Facade.php(237): Illuminate\Foundation\Application->make('sitemapTwo')
#4 D:\Laravel_Projects\shianchi\app\Wego\Services\SiteMap\SiteMapCreator.php(23): Illuminate\Support\Facades\Facade::__callStatic('make', Array)
#5 D:\Laravel_Projects\shianchi\app\Http\Controllers\GettingSiteMap.php(11): Wego\Services\SiteMap\SiteMapCreator::build()
#6 [internal function]: App\Http\Controllers\GettingSiteMap->saveSiteMaps()
#7 D:\Laravel_Projects\shianchi\vendor\laravel\framework\src\Illuminate\Routing\Controller.php(55): call_user_func_array(Array, Array)
#8 D:\Laravel_Projects\shianchi\vendor\laravel\framework\src\Illuminate\Routing\ControllerDispatcher.php(44): Illuminate\Routing\Controller->callAction('saveSiteMaps', Array)
#9 D:\Laravel_Projects\shianchi\vendor\laravel\framework\src\Illuminate\Routing\Route.php(189): Illuminate\Routing\ControllerDispatcher->dispatch(Object(Illuminate\Routing\Route), Object(App\Http\Controllers\GettingSiteMap), 'saveSiteMaps')
#10 D:\Laravel_Projects\shianchi\vendor\laravel\framework\src\Illuminate\Routing\Route.php(144): Illuminate\Routing\Route->runController()
#11 D:\Laravel_Projects\shianchi\vendor\laravel\framework\src\Illuminate\Routing\Router.php(653): Illuminate\Routing\Route->run(Object(Dingo\Api\Http\Request))
#12 D:\Laravel_Projects\shianchi\vendor\laravel\framework\src\Illuminate\Routing\Pipeline.php(53): Illuminate\Routing\Router->Illuminate\Routing\{closure}(Object(Dingo\Api\Http\Request))
#13 D:\Laravel_Projects\shianchi\vendor\laravel\framework\src\Illuminate\Pipeline\Pipeline.php(104): Illuminate\Routing\Pipeline->Illuminate\Routing\{closure}(Object(Dingo\Api\Http\Request))
#14 D:\Laravel_Projects\shianchi\vendor\laravel\framework\src\Illuminate\Routing\Router.php(655): Illuminate\Pipeline\Pipeline->then(Object(Closure))
#15 D:\Laravel_Projects\shianchi\vendor\laravel\framework\src\Illuminate\Routing\Router.php(629): Illuminate\Routing\Router->runRouteWithinStack(Object(Illuminate\Routing\Route), Object(Dingo\Api\Http\Request))
#16 D:\Laravel_Projects\shianchi\vendor\laravel\framework\src\Illuminate\Routing\Router.php(607): Illuminate\Routing\Router->dispatchToRoute(Object(Dingo\Api\Http\Request))
#17 D:\Laravel_Projects\shianchi\vendor\dingo\api\src\Routing\Adapter\Laravel.php(81): Illuminate\Routing\Router->dispatch(Object(Dingo\Api\Http\Request))
#18 D:\Laravel_Projects\shianchi\vendor\dingo\api\src\Routing\Router.php(513): Dingo\Api\Routing\Adapter\Laravel->dispatch(Object(Dingo\Api\Http\Request), 'v1')
#19 D:\Laravel_Projects\shianchi\vendor\dingo\api\src\Http\Middleware\Request.php(126): Dingo\Api\Routing\Router->dispatch(Object(Dingo\Api\Http\Request))
#20 D:\Laravel_Projects\shianchi\vendor\laravel\framework\src\Illuminate\Pipeline\Pipeline.php(151): Dingo\Api\Http\Middleware\Request->Dingo\Api\Http\Middleware\{closure}(Object(Dingo\Api\Http\Request))
#21 D:\Laravel_Projects\shianchi\vendor\laravel\framework\src\Illuminate\Foundation\Http\Middleware\CheckForMaintenanceMode.php(46): Illuminate\Pipeline\Pipeline->Illuminate\Pipeline\{closure}(Object(Dingo\Api\Http\Request))
#22 D:\Laravel_Projects\shianchi\vendor\laravel\framework\src\Illuminate\Pipeline\Pipeline.php(137): Illuminate\Foundation\Http\Middleware\CheckForMaintenanceMode->handle(Object(Dingo\Api\Http\Request), Object(Closure))
#23 D:\Laravel_Projects\shianchi\vendor\laravel\framework\src\Illuminate\Pipeline\Pipeline.php(104): Illuminate\Pipeline\Pipeline->Illuminate\Pipeline\{closure}(Object(Dingo\Api\Http\Request))
#24 D:\Laravel_Projects\shianchi\vendor\dingo\api\src\Http\Middleware\Request.php(127): Illuminate\Pipeline\Pipeline->then(Object(Closure))
#25 D:\Laravel_Projects\shianchi\vendor\dingo\api\src\Http\Middleware\Request.php(103): Dingo\Api\Http\Middleware\Request->sendRequestThroughRouter(Object(Dingo\Api\Http\Request))
#26 D:\Laravel_Projects\shianchi\vendor\laravel\framework\src\Illuminate\Pipeline\Pipeline.php(137): Dingo\Api\Http\Middleware\Request->handle(Object(Dingo\Api\Http\Request), Object(Closure))
#27 D:\Laravel_Projects\shianchi\vendor\laravel\framework\src\Illuminate\Routing\Pipeline.php(33): Illuminate\Pipeline\Pipeline->Illuminate\Pipeline\{closure}(Object(Illuminate\Http\Request))
#28 D:\Laravel_Projects\shianchi\vendor\laravel\framework\src\Illuminate\Pipeline\Pipeline.php(104): Illuminate\Routing\Pipeline->Illuminate\Routing\{closure}(Object(Illuminate\Http\Request))
#29 D:\Laravel_Projects\shianchi\vendor\laravel\framework\src\Illuminate\Foundation\Http\Kernel.php(150): Illuminate\Pipeline\Pipeline->then(Object(Closure))
#30 D:\Laravel_Projects\shianchi\vendor\laravel\framework\src\Illuminate\Foundation\Http\Kernel.php(117): Illuminate\Foundation\Http\Kernel->sendRequestThroughRouter(Object(Illuminate\Http\Request))
#31 D:\Laravel_Projects\shianchi\public\index.php(55): Illuminate\Foundation\Http\Kernel->handle(Object(Illuminate\Http\Request))
#32 D:\Laravel_Projects\shianchi\server.php(21): require_once('D:\\Laravel_Proj...')
#33 {main}  
