[2019-12-25 09:17:33] production.ERROR: PDOException: SQLSTATE[HY000] [1045] Access denied for user 'rootadmin'@'localhost' (using password: YES) in C:\xampp\htdocs\backend\vendor\doctrine\dbal\lib\Doctrine\DBAL\Driver\PDOConnection.php:43
Stack trace:
#0 C:\xampp\htdocs\backend\vendor\doctrine\dbal\lib\Doctrine\DBAL\Driver\PDOConnection.php(43): PDO->__construct('mysql:host=loca...', 'rootadmin', '%st!g45lK#', Array)
#1 C:\xampp\htdocs\backend\vendor\laravel\framework\src\Illuminate\Database\Connectors\Connector.php(116): Doctrine\DBAL\Driver\PDOConnection->__construct('mysql:host=loca...', 'rootadmin', '%st!g45lK#', Array)
#2 C:\xampp\htdocs\backend\vendor\laravel\framework\src\Illuminate\Database\Connectors\Connector.php(56): Illuminate\Database\Connectors\Connector->createPdoConnection('mysql:host=loca...', 'rootadmin', '%st!g45lK#', Array)
#3 C:\xampp\htdocs\backend\vendor\laravel\framework\src\Illuminate\Database\Connectors\MySqlConnector.php(24): Illuminate\Database\Connectors\Connector->createConnection('mysql:host=loca...', Array, Array)
#4 C:\xampp\htdocs\backend\vendor\laravel\framework\src\Illuminate\Database\Connectors\ConnectionFactory.php(126): Illuminate\Database\Connectors\MySqlConnector->connect(Array)
#5 [internal function]: Illuminate\Database\Connectors\ConnectionFactory->Illuminate\Database\Connectors\{closure}()
#6 C:\xampp\htdocs\backend\vendor\laravel\framework\src\Illuminate\Database\Connection.php(965): call_user_func(Object(Closure))
#7 C:\xampp\htdocs\backend\vendor\laravel\framework\src\Illuminate\Database\Connection.php(986): Illuminate\Database\Connection->getPdo()
#8 C:\xampp\htdocs\backend\vendor\laravel\framework\src\Illuminate\Database\Connection.php(423): Illuminate\Database\Connection->getReadPdo()
#9 C:\xampp\htdocs\backend\vendor\laravel\framework\src\Illuminate\Database\Connection.php(333): Illuminate\Database\Connection->getPdoForSelect(true)
#10 C:\xampp\htdocs\backend\vendor\laravel\framework\src\Illuminate\Database\Connection.php(763): Illuminate\Database\Connection->Illuminate\Database\{closure}(Object(Illuminate\Database\MySqlConnection), 'select * from i...', Array)
#11 C:\xampp\htdocs\backend\vendor\laravel\framework\src\Illuminate\Database\Connection.php(726): Illuminate\Database\Connection->runQueryCallback('select * from i...', Array, Object(Closure))
#12 C:\xampp\htdocs\backend\vendor\laravel\framework\src\Illuminate\Database\Connection.php(351): Illuminate\Database\Connection->run('select * from i...', Array, Object(Closure))
#13 C:\xampp\htdocs\backend\vendor\laravel\framework\src\Illuminate\Database\Schema\MySqlBuilder.php(21): Illuminate\Database\Connection->select('select * from i...', Array)
#14 C:\xampp\htdocs\backend\vendor\laravel\framework\src\Illuminate\Database\Migrations\DatabaseMigrationRepository.php(156): Illuminate\Database\Schema\MySqlBuilder->hasTable('migrations')
#15 C:\xampp\htdocs\backend\vendor\laravel\framework\src\Illuminate\Database\Migrations\Migrator.php(515): Illuminate\Database\Migrations\DatabaseMigrationRepository->repositoryExists()
#16 C:\xampp\htdocs\backend\vendor\laravel\framework\src\Illuminate\Database\Console\Migrations\StatusCommand.php(54): Illuminate\Database\Migrations\Migrator->repositoryExists()
#17 [internal function]: Illuminate\Database\Console\Migrations\StatusCommand->fire()
#18 C:\xampp\htdocs\backend\vendor\laravel\framework\src\Illuminate\Container\Container.php(508): call_user_func_array(Array, Array)
#19 C:\xampp\htdocs\backend\vendor\laravel\framework\src\Illuminate\Console\Command.php(169): Illuminate\Container\Container->call(Array)
#20 C:\xampp\htdocs\backend\vendor\symfony\console\Command\Command.php(261): Illuminate\Console\Command->execute(Object(Symfony\Component\Console\Input\ArgvInput), Object(Symfony\Component\Console\Output\ConsoleOutput))
#21 C:\xampp\htdocs\backend\vendor\laravel\framework\src\Illuminate\Console\Command.php(155): Symfony\Component\Console\Command\Command->run(Object(Symfony\Component\Console\Input\ArgvInput), Object(Symfony\Component\Console\Output\ConsoleOutput))
#22 C:\xampp\htdocs\backend\vendor\symfony\console\Application.php(817): Illuminate\Console\Command->run(Object(Symfony\Component\Console\Input\ArgvInput), Object(Symfony\Component\Console\Output\ConsoleOutput))
#23 C:\xampp\htdocs\backend\vendor\symfony\console\Application.php(185): Symfony\Component\Console\Application->doRunCommand(Object(Illuminate\Database\Console\Migrations\StatusCommand), Object(Symfony\Component\Console\Input\ArgvInput), Object(Symfony\Component\Console\Output\ConsoleOutput))
#24 C:\xampp\htdocs\backend\vendor\symfony\console\Application.php(116): Symfony\Component\Console\Application->doRun(Object(Symfony\Component\Console\Input\ArgvInput), Object(Symfony\Component\Console\Output\ConsoleOutput))
#25 C:\xampp\htdocs\backend\vendor\laravel\framework\src\Illuminate\Foundation\Console\Kernel.php(121): Symfony\Component\Console\Application->run(Object(Symfony\Component\Console\Input\ArgvInput), Object(Symfony\Component\Console\Output\ConsoleOutput))
#26 C:\xampp\htdocs\backend\artisan(35): Illuminate\Foundation\Console\Kernel->handle(Object(Symfony\Component\Console\Input\ArgvInput), Object(Symfony\Component\Console\Output\ConsoleOutput))
#27 {main}

Next Doctrine\DBAL\Driver\PDOException: SQLSTATE[HY000] [1045] Access denied for user 'rootadmin'@'localhost' (using password: YES) in C:\xampp\htdocs\backend\vendor\doctrine\dbal\lib\Doctrine\DBAL\Driver\PDOConnection.php:47
Stack trace:
#0 C:\xampp\htdocs\backend\vendor\laravel\framework\src\Illuminate\Database\Connectors\Connector.php(116): Doctrine\DBAL\Driver\PDOConnection->__construct('mysql:host=loca...', 'rootadmin', '%st!g45lK#', Array)
#1 C:\xampp\htdocs\backend\vendor\laravel\framework\src\Illuminate\Database\Connectors\Connector.php(56): Illuminate\Database\Connectors\Connector->createPdoConnection('mysql:host=loca...', 'rootadmin', '%st!g45lK#', Array)
#2 C:\xampp\htdocs\backend\vendor\laravel\framework\src\Illuminate\Database\Connectors\MySqlConnector.php(24): Illuminate\Database\Connectors\Connector->createConnection('mysql:host=loca...', Array, Array)
#3 C:\xampp\htdocs\backend\vendor\laravel\framework\src\Illuminate\Database\Connectors\ConnectionFactory.php(126): Illuminate\Database\Connectors\MySqlConnector->connect(Array)
#4 [internal function]: Illuminate\Database\Connectors\ConnectionFactory->Illuminate\Database\Connectors\{closure}()
#5 C:\xampp\htdocs\backend\vendor\laravel\framework\src\Illuminate\Database\Connection.php(965): call_user_func(Object(Closure))
#6 C:\xampp\htdocs\backend\vendor\laravel\framework\src\Illuminate\Database\Connection.php(986): Illuminate\Database\Connection->getPdo()
#7 C:\xampp\htdocs\backend\vendor\laravel\framework\src\Illuminate\Database\Connection.php(423): Illuminate\Database\Connection->getReadPdo()
#8 C:\xampp\htdocs\backend\vendor\laravel\framework\src\Illuminate\Database\Connection.php(333): Illuminate\Database\Connection->getPdoForSelect(true)
#9 C:\xampp\htdocs\backend\vendor\laravel\framework\src\Illuminate\Database\Connection.php(763): Illuminate\Database\Connection->Illuminate\Database\{closure}(Object(Illuminate\Database\MySqlConnection), 'select * from i...', Array)
#10 C:\xampp\htdocs\backend\vendor\laravel\framework\src\Illuminate\Database\Connection.php(726): Illuminate\Database\Connection->runQueryCallback('select * from i...', Array, Object(Closure))
#11 C:\xampp\htdocs\backend\vendor\laravel\framework\src\Illuminate\Database\Connection.php(351): Illuminate\Database\Connection->run('select * from i...', Array, Object(Closure))
#12 C:\xampp\htdocs\backend\vendor\laravel\framework\src\Illuminate\Database\Schema\MySqlBuilder.php(21): Illuminate\Database\Connection->select('select * from i...', Array)
#13 C:\xampp\htdocs\backend\vendor\laravel\framework\src\Illuminate\Database\Migrations\DatabaseMigrationRepository.php(156): Illuminate\Database\Schema\MySqlBuilder->hasTable('migrations')
#14 C:\xampp\htdocs\backend\vendor\laravel\framework\src\Illuminate\Database\Migrations\Migrator.php(515): Illuminate\Database\Migrations\DatabaseMigrationRepository->repositoryExists()
#15 C:\xampp\htdocs\backend\vendor\laravel\framework\src\Illuminate\Database\Console\Migrations\StatusCommand.php(54): Illuminate\Database\Migrations\Migrator->repositoryExists()
#16 [internal function]: Illuminate\Database\Console\Migrations\StatusCommand->fire()
#17 C:\xampp\htdocs\backend\vendor\laravel\framework\src\Illuminate\Container\Container.php(508): call_user_func_array(Array, Array)
#18 C:\xampp\htdocs\backend\vendor\laravel\framework\src\Illuminate\Console\Command.php(169): Illuminate\Container\Container->call(Array)
#19 C:\xampp\htdocs\backend\vendor\symfony\console\Command\Command.php(261): Illuminate\Console\Command->execute(Object(Symfony\Component\Console\Input\ArgvInput), Object(Symfony\Component\Console\Output\ConsoleOutput))
#20 C:\xampp\htdocs\backend\vendor\laravel\framework\src\Illuminate\Console\Command.php(155): Symfony\Component\Console\Command\Command->run(Object(Symfony\Component\Console\Input\ArgvInput), Object(Symfony\Component\Console\Output\ConsoleOutput))
#21 C:\xampp\htdocs\backend\vendor\symfony\console\Application.php(817): Illuminate\Console\Command->run(Object(Symfony\Component\Console\Input\ArgvInput), Object(Symfony\Component\Console\Output\ConsoleOutput))
#22 C:\xampp\htdocs\backend\vendor\symfony\console\Application.php(185): Symfony\Component\Console\Application->doRunCommand(Object(Illuminate\Database\Console\Migrations\StatusCommand), Object(Symfony\Component\Console\Input\ArgvInput), Object(Symfony\Component\Console\Output\ConsoleOutput))
#23 C:\xampp\htdocs\backend\vendor\symfony\console\Application.php(116): Symfony\Component\Console\Application->doRun(Object(Symfony\Component\Console\Input\ArgvInput), Object(Symfony\Component\Console\Output\ConsoleOutput))
#24 C:\xampp\htdocs\backend\vendor\laravel\framework\src\Illuminate\Foundation\Console\Kernel.php(121): Symfony\Component\Console\Application->run(Object(Symfony\Component\Console\Input\ArgvInput), Object(Symfony\Component\Console\Output\ConsoleOutput))
#25 C:\xampp\htdocs\backend\artisan(35): Illuminate\Foundation\Console\Kernel->handle(Object(Symfony\Component\Console\Input\ArgvInput), Object(Symfony\Component\Console\Output\ConsoleOutput))
#26 {main}  
[2019-12-25 09:17:33] production.ERROR: PDOException: SQLSTATE[HY000] [1045] Access denied for user 'rootadmin'@'localhost' (using password: YES) in C:\xampp\htdocs\backend\vendor\doctrine\dbal\lib\Doctrine\DBAL\Driver\PDOConnection.php:43
Stack trace:
#0 C:\xampp\htdocs\backend\vendor\doctrine\dbal\lib\Doctrine\DBAL\Driver\PDOConnection.php(43): PDO->__construct('mysql:host=loca...', 'rootadmin', '%st!g45lK#', Array)
#1 C:\xampp\htdocs\backend\vendor\laravel\framework\src\Illuminate\Database\Connectors\Connector.php(116): Doctrine\DBAL\Driver\PDOConnection->__construct('mysql:host=loca...', 'rootadmin', '%st!g45lK#', Array)
#2 C:\xampp\htdocs\backend\vendor\laravel\framework\src\Illuminate\Database\Connectors\Connector.php(56): Illuminate\Database\Connectors\Connector->createPdoConnection('mysql:host=loca...', 'rootadmin', '%st!g45lK#', Array)
#3 C:\xampp\htdocs\backend\vendor\laravel\framework\src\Illuminate\Database\Connectors\MySqlConnector.php(24): Illuminate\Database\Connectors\Connector->createConnection('mysql:host=loca...', Array, Array)
#4 C:\xampp\htdocs\backend\vendor\laravel\framework\src\Illuminate\Database\Connectors\ConnectionFactory.php(126): Illuminate\Database\Connectors\MySqlConnector->connect(Array)
#5 [internal function]: Illuminate\Database\Connectors\ConnectionFactory->Illuminate\Database\Connectors\{closure}()
#6 C:\xampp\htdocs\backend\vendor\laravel\framework\src\Illuminate\Database\Connection.php(965): call_user_func(Object(Closure))
#7 C:\xampp\htdocs\backend\vendor\laravel\framework\src\Illuminate\Database\Connection.php(986): Illuminate\Database\Connection->getPdo()
#8 C:\xampp\htdocs\backend\vendor\laravel\framework\src\Illuminate\Database\Connection.php(423): Illuminate\Database\Connection->getReadPdo()
#9 C:\xampp\htdocs\backend\vendor\laravel\framework\src\Illuminate\Database\Connection.php(333): Illuminate\Database\Connection->getPdoForSelect(true)
#10 C:\xampp\htdocs\backend\vendor\laravel\framework\src\Illuminate\Database\Connection.php(763): Illuminate\Database\Connection->Illuminate\Database\{closure}(Object(Illuminate\Database\MySqlConnection), 'select * from i...', Array)
#11 C:\xampp\htdocs\backend\vendor\laravel\framework\src\Illuminate\Database\Connection.php(726): Illuminate\Database\Connection->runQueryCallback('select * from i...', Array, Object(Closure))
#12 C:\xampp\htdocs\backend\vendor\laravel\framework\src\Illuminate\Database\Connection.php(351): Illuminate\Database\Connection->run('select * from i...', Array, Object(Closure))
#13 C:\xampp\htdocs\backend\vendor\laravel\framework\src\Illuminate\Database\Schema\MySqlBuilder.php(21): Illuminate\Database\Connection->select('select * from i...', Array)
#14 C:\xampp\htdocs\backend\vendor\laravel\framework\src\Illuminate\Database\Migrations\DatabaseMigrationRepository.php(156): Illuminate\Database\Schema\MySqlBuilder->hasTable('migrations')
#15 C:\xampp\htdocs\backend\vendor\laravel\framework\src\Illuminate\Database\Migrations\Migrator.php(515): Illuminate\Database\Migrations\DatabaseMigrationRepository->repositoryExists()
#16 C:\xampp\htdocs\backend\vendor\laravel\framework\src\Illuminate\Database\Console\Migrations\StatusCommand.php(54): Illuminate\Database\Migrations\Migrator->repositoryExists()
#17 [internal function]: Illuminate\Database\Console\Migrations\StatusCommand->fire()
#18 C:\xampp\htdocs\backend\vendor\laravel\framework\src\Illuminate\Container\Container.php(508): call_user_func_array(Array, Array)
#19 C:\xampp\htdocs\backend\vendor\laravel\framework\src\Illuminate\Console\Command.php(169): Illuminate\Container\Container->call(Array)
#20 C:\xampp\htdocs\backend\vendor\symfony\console\Command\Command.php(261): Illuminate\Console\Command->execute(Object(Symfony\Component\Console\Input\ArgvInput), Object(Symfony\Component\Console\Output\ConsoleOutput))
#21 C:\xampp\htdocs\backend\vendor\laravel\framework\src\Illuminate\Console\Command.php(155): Symfony\Component\Console\Command\Command->run(Object(Symfony\Component\Console\Input\ArgvInput), Object(Symfony\Component\Console\Output\ConsoleOutput))
#22 C:\xampp\htdocs\backend\vendor\symfony\console\Application.php(817): Illuminate\Console\Command->run(Object(Symfony\Component\Console\Input\ArgvInput), Object(Symfony\Component\Console\Output\ConsoleOutput))
#23 C:\xampp\htdocs\backend\vendor\symfony\console\Application.php(185): Symfony\Component\Console\Application->doRunCommand(Object(Illuminate\Database\Console\Migrations\StatusCommand), Object(Symfony\Component\Console\Input\ArgvInput), Object(Symfony\Component\Console\Output\ConsoleOutput))
#24 C:\xampp\htdocs\backend\vendor\symfony\console\Application.php(116): Symfony\Component\Console\Application->doRun(Object(Symfony\Component\Console\Input\ArgvInput), Object(Symfony\Component\Console\Output\ConsoleOutput))
#25 C:\xampp\htdocs\backend\vendor\laravel\framework\src\Illuminate\Foundation\Console\Kernel.php(121): Symfony\Component\Console\Application->run(Object(Symfony\Component\Console\Input\ArgvInput), Object(Symfony\Component\Console\Output\ConsoleOutput))
#26 C:\xampp\htdocs\backend\artisan(35): Illuminate\Foundation\Console\Kernel->handle(Object(Symfony\Component\Console\Input\ArgvInput), Object(Symfony\Component\Console\Output\ConsoleOutput))
#27 {main}

Next Doctrine\DBAL\Driver\PDOException: SQLSTATE[HY000] [1045] Access denied for user 'rootadmin'@'localhost' (using password: YES) in C:\xampp\htdocs\backend\vendor\doctrine\dbal\lib\Doctrine\DBAL\Driver\PDOConnection.php:47
Stack trace:
#0 C:\xampp\htdocs\backend\vendor\laravel\framework\src\Illuminate\Database\Connectors\Connector.php(116): Doctrine\DBAL\Driver\PDOConnection->__construct('mysql:host=loca...', 'rootadmin', '%st!g45lK#', Array)
#1 C:\xampp\htdocs\backend\vendor\laravel\framework\src\Illuminate\Database\Connectors\Connector.php(56): Illuminate\Database\Connectors\Connector->createPdoConnection('mysql:host=loca...', 'rootadmin', '%st!g45lK#', Array)
#2 C:\xampp\htdocs\backend\vendor\laravel\framework\src\Illuminate\Database\Connectors\MySqlConnector.php(24): Illuminate\Database\Connectors\Connector->createConnection('mysql:host=loca...', Array, Array)
#3 C:\xampp\htdocs\backend\vendor\laravel\framework\src\Illuminate\Database\Connectors\ConnectionFactory.php(126): Illuminate\Database\Connectors\MySqlConnector->connect(Array)
#4 [internal function]: Illuminate\Database\Connectors\ConnectionFactory->Illuminate\Database\Connectors\{closure}()
#5 C:\xampp\htdocs\backend\vendor\laravel\framework\src\Illuminate\Database\Connection.php(965): call_user_func(Object(Closure))
#6 C:\xampp\htdocs\backend\vendor\laravel\framework\src\Illuminate\Database\Connection.php(986): Illuminate\Database\Connection->getPdo()
#7 C:\xampp\htdocs\backend\vendor\laravel\framework\src\Illuminate\Database\Connection.php(423): Illuminate\Database\Connection->getReadPdo()
#8 C:\xampp\htdocs\backend\vendor\laravel\framework\src\Illuminate\Database\Connection.php(333): Illuminate\Database\Connection->getPdoForSelect(true)
#9 C:\xampp\htdocs\backend\vendor\laravel\framework\src\Illuminate\Database\Connection.php(763): Illuminate\Database\Connection->Illuminate\Database\{closure}(Object(Illuminate\Database\MySqlConnection), 'select * from i...', Array)
#10 C:\xampp\htdocs\backend\vendor\laravel\framework\src\Illuminate\Database\Connection.php(726): Illuminate\Database\Connection->runQueryCallback('select * from i...', Array, Object(Closure))
#11 C:\xampp\htdocs\backend\vendor\laravel\framework\src\Illuminate\Database\Connection.php(351): Illuminate\Database\Connection->run('select * from i...', Array, Object(Closure))
#12 C:\xampp\htdocs\backend\vendor\laravel\framework\src\Illuminate\Database\Schema\MySqlBuilder.php(21): Illuminate\Database\Connection->select('select * from i...', Array)
#13 C:\xampp\htdocs\backend\vendor\laravel\framework\src\Illuminate\Database\Migrations\DatabaseMigrationRepository.php(156): Illuminate\Database\Schema\MySqlBuilder->hasTable('migrations')
#14 C:\xampp\htdocs\backend\vendor\laravel\framework\src\Illuminate\Database\Migrations\Migrator.php(515): Illuminate\Database\Migrations\DatabaseMigrationRepository->repositoryExists()
#15 C:\xampp\htdocs\backend\vendor\laravel\framework\src\Illuminate\Database\Console\Migrations\StatusCommand.php(54): Illuminate\Database\Migrations\Migrator->repositoryExists()
#16 [internal function]: Illuminate\Database\Console\Migrations\StatusCommand->fire()
#17 C:\xampp\htdocs\backend\vendor\laravel\framework\src\Illuminate\Container\Container.php(508): call_user_func_array(Array, Array)
#18 C:\xampp\htdocs\backend\vendor\laravel\framework\src\Illuminate\Console\Command.php(169): Illuminate\Container\Container->call(Array)
#19 C:\xampp\htdocs\backend\vendor\symfony\console\Command\Command.php(261): Illuminate\Console\Command->execute(Object(Symfony\Component\Console\Input\ArgvInput), Object(Symfony\Component\Console\Output\ConsoleOutput))
#20 C:\xampp\htdocs\backend\vendor\laravel\framework\src\Illuminate\Console\Command.php(155): Symfony\Component\Console\Command\Command->run(Object(Symfony\Component\Console\Input\ArgvInput), Object(Symfony\Component\Console\Output\ConsoleOutput))
#21 C:\xampp\htdocs\backend\vendor\symfony\console\Application.php(817): Illuminate\Console\Command->run(Object(Symfony\Component\Console\Input\ArgvInput), Object(Symfony\Component\Console\Output\ConsoleOutput))
#22 C:\xampp\htdocs\backend\vendor\symfony\console\Application.php(185): Symfony\Component\Console\Application->doRunCommand(Object(Illuminate\Database\Console\Migrations\StatusCommand), Object(Symfony\Component\Console\Input\ArgvInput), Object(Symfony\Component\Console\Output\ConsoleOutput))
#23 C:\xampp\htdocs\backend\vendor\symfony\console\Application.php(116): Symfony\Component\Console\Application->doRun(Object(Symfony\Component\Console\Input\ArgvInput), Object(Symfony\Component\Console\Output\ConsoleOutput))
#24 C:\xampp\htdocs\backend\vendor\laravel\framework\src\Illuminate\Foundation\Console\Kernel.php(121): Symfony\Component\Console\Application->run(Object(Symfony\Component\Console\Input\ArgvInput), Object(Symfony\Component\Console\Output\ConsoleOutput))
#25 C:\xampp\htdocs\backend\artisan(35): Illuminate\Foundation\Console\Kernel->handle(Object(Symfony\Component\Console\Input\ArgvInput), Object(Symfony\Component\Console\Output\ConsoleOutput))
#26 {main}

Next Illuminate\Database\QueryException: SQLSTATE[HY000] [1045] Access denied for user 'rootadmin'@'localhost' (using password: YES) (SQL: select * from information_schema.tables where table_schema = shianchi and table_name = migrations) in C:\xampp\htdocs\backend\vendor\laravel\framework\src\Illuminate\Database\Connection.php:770
Stack trace:
#0 C:\xampp\htdocs\backend\vendor\laravel\framework\src\Illuminate\Database\Connection.php(726): Illuminate\Database\Connection->runQueryCallback('select * from i...', Array, Object(Closure))
#1 C:\xampp\htdocs\backend\vendor\laravel\framework\src\Illuminate\Database\Connection.php(351): Illuminate\Database\Connection->run('select * from i...', Array, Object(Closure))
#2 C:\xampp\htdocs\backend\vendor\laravel\framework\src\Illuminate\Database\Schema\MySqlBuilder.php(21): Illuminate\Database\Connection->select('select * from i...', Array)
#3 C:\xampp\htdocs\backend\vendor\laravel\framework\src\Illuminate\Database\Migrations\DatabaseMigrationRepository.php(156): Illuminate\Database\Schema\MySqlBuilder->hasTable('migrations')
#4 C:\xampp\htdocs\backend\vendor\laravel\framework\src\Illuminate\Database\Migrations\Migrator.php(515): Illuminate\Database\Migrations\DatabaseMigrationRepository->repositoryExists()
#5 C:\xampp\htdocs\backend\vendor\laravel\framework\src\Illuminate\Database\Console\Migrations\StatusCommand.php(54): Illuminate\Database\Migrations\Migrator->repositoryExists()
#6 [internal function]: Illuminate\Database\Console\Migrations\StatusCommand->fire()
#7 C:\xampp\htdocs\backend\vendor\laravel\framework\src\Illuminate\Container\Container.php(508): call_user_func_array(Array, Array)
#8 C:\xampp\htdocs\backend\vendor\laravel\framework\src\Illuminate\Console\Command.php(169): Illuminate\Container\Container->call(Array)
#9 C:\xampp\htdocs\backend\vendor\symfony\console\Command\Command.php(261): Illuminate\Console\Command->execute(Object(Symfony\Component\Console\Input\ArgvInput), Object(Symfony\Component\Console\Output\ConsoleOutput))
#10 C:\xampp\htdocs\backend\vendor\laravel\framework\src\Illuminate\Console\Command.php(155): Symfony\Component\Console\Command\Command->run(Object(Symfony\Component\Console\Input\ArgvInput), Object(Symfony\Component\Console\Output\ConsoleOutput))
#11 C:\xampp\htdocs\backend\vendor\symfony\console\Application.php(817): Illuminate\Console\Command->run(Object(Symfony\Component\Console\Input\ArgvInput), Object(Symfony\Component\Console\Output\ConsoleOutput))
#12 C:\xampp\htdocs\backend\vendor\symfony\console\Application.php(185): Symfony\Component\Console\Application->doRunCommand(Object(Illuminate\Database\Console\Migrations\StatusCommand), Object(Symfony\Component\Console\Input\ArgvInput), Object(Symfony\Component\Console\Output\ConsoleOutput))
#13 C:\xampp\htdocs\backend\vendor\symfony\console\Application.php(116): Symfony\Component\Console\Application->doRun(Object(Symfony\Component\Console\Input\ArgvInput), Object(Symfony\Component\Console\Output\ConsoleOutput))
#14 C:\xampp\htdocs\backend\vendor\laravel\framework\src\Illuminate\Foundation\Console\Kernel.php(121): Symfony\Component\Console\Application->run(Object(Symfony\Component\Console\Input\ArgvInput), Object(Symfony\Component\Console\Output\ConsoleOutput))
#15 C:\xampp\htdocs\backend\artisan(35): Illuminate\Foundation\Console\Kernel->handle(Object(Symfony\Component\Console\Input\ArgvInput), Object(Symfony\Component\Console\Output\ConsoleOutput))
#16 {main}  
